<?xml version="1.0" encoding="UTF-8"?>
<testng-results ignored="0" total="1" passed="1" failed="0" skipped="0">
  <reporter-output>
  </reporter-output>
  <suite started-at="2023-09-29T17:21:17 IST" name="Default suite" finished-at="2023-09-29T17:21:21 IST" duration-ms="4755">
    <groups>
    </groups>
    <test started-at="2023-09-29T17:21:17 IST" name="Default test" finished-at="2023-09-29T17:21:21 IST" duration-ms="4755">
      <class name="getApi.getUsers">
        <test-method is-config="true" signature="baseTest()[pri:0, instance:getApi.getUsers@22ef9844]" started-at="2023-09-29T17:21:17 IST" name="baseTest" finished-at="2023-09-29T17:21:18 IST" duration-ms="1034" status="PASS">
          <reporter-output>
          </reporter-output>
        </test-method> <!-- baseTest -->
        <test-method signature="getListOfUsers()[pri:0, instance:getApi.getUsers@22ef9844]" started-at="2023-09-29T17:21:18 IST" name="getListOfUsers" finished-at="2023-09-29T17:21:21 IST" duration-ms="2834" status="PASS">
          <reporter-output>
          </reporter-output>
        </test-method> <!-- getListOfUsers -->
      </class> <!-- getApi.getUsers -->
    </test> <!-- Default test -->
  </suite> <!-- Default suite -->
</testng-results>
